11-09-2022 10:19:47.961 ERROR com.ideas2it.logger.HireWorldLogger displayError- Enter Only Integers
11-09-2022 10:20:28.345 ERROR com.ideas2it.logger.HireWorldLogger displayError- No Details Found
11-09-2022 10:20:48.052 ERROR com.ideas2it.logger.HireWorldLogger displayError- No Details Found
11-09-2022 10:32:23.774 ERROR com.ideas2it.logger.HireWorldLogger displayError- No Details Found
11-09-2022 10:32:36.348 ERROR com.ideas2it.logger.HireWorldLogger displayError- No Details Found
11-09-2022 10:32:43.987 ERROR com.ideas2it.logger.HireWorldLogger displayError- No Details Found
11-09-2022 23:02:48.963 ERROR com.ideas2it.logger.HireWorldLogger displayError- Kamal Recruiter Inserted 
11-09-2022 23:04:17.934 ERROR com.ideas2it.logger.HireWorldLogger displayError- Kamal Recruiter Inserted 
11-10-2022 17:17:32.812 ERROR com.ideas2it.logger.HireWorldLogger displayError- No Details Found
11-10-2022 17:20:07.106 ERROR com.ideas2it.logger.HireWorldLogger displayError- Enter Only Integers
11-10-2022 17:20:08.726 ERROR com.ideas2it.logger.HireWorldLogger displayError- Enter Only Integers
11-10-2022 17:21:08.412 ERROR com.ideas2it.logger.HireWorldLogger displayError- No Details Found
11-10-2022 17:21:31.096 ERROR com.ideas2it.logger.HireWorldLogger displayError- No Details Found
11-10-2022 17:21:43.446 ERROR com.ideas2it.logger.HireWorldLogger displayError- No Details Found
11-15-2022 10:52:52.568 ERROR com.ideas2it.logger.HireWorldLogger displayError- Wrong format !!! Enter the Correct format
11-15-2022 10:54:18.677 ERROR com.ideas2it.logger.HireWorldLogger displayError- No Details Found
11-15-2022 10:54:26.997 ERROR com.ideas2it.logger.HireWorldLogger displayError- No Details Found
11-15-2022 10:54:55.862 ERROR com.ideas2it.logger.HireWorldLogger displayError- No Details Found
11-15-2022 10:55:23.381 ERROR com.ideas2it.logger.HireWorldLogger displayError- Sylvia Recruiter Inserted 
11-15-2022 10:56:00.199 ERROR com.ideas2it.logger.HireWorldLogger displayError- No Details Found
11-15-2022 10:56:16.876 ERROR com.ideas2it.logger.HireWorldLogger displayError- No Details Found
