11-09-2022 10:13:13.301 ERROR com.ideas2it.logger.HireWorldLogger displayError- No Details Found
11-09-2022 10:13:29.052 ERROR org.hibernate.hql.internal.ast.ErrorTracker reportError-  Invalid path: 'applicant.recruiters'
11-09-2022 10:13:29.053 ERROR org.hibernate.hql.internal.ast.ErrorTracker reportError-  Invalid path: 'applicant.recruiters'
org.hibernate.hql.internal.ast.InvalidPathException: Invalid path: 'applicant.recruiters'
	at org.hibernate.hql.internal.ast.util.LiteralProcessor.lookupConstant(LiteralProcessor.java:111) ~[hibernate-core-5.6.12.Final.jar:5.6.12.Final]
	at org.hibernate.hql.internal.ast.tree.DotNode.resolve(DotNode.java:218) ~[hibernate-core-5.6.12.Final.jar:5.6.12.Final]
	at org.hibernate.hql.internal.ast.tree.FromReferenceNode.resolve(FromReferenceNode.java:114) ~[hibernate-core-5.6.12.Final.jar:5.6.12.Final]
	at org.hibernate.hql.internal.ast.tree.FromReferenceNode.resolve(FromReferenceNode.java:109) ~[hibernate-core-5.6.12.Final.jar:5.6.12.Final]
	at org.hibernate.hql.internal.ast.HqlSqlWalker.createFromJoinElement(HqlSqlWalker.java:411) ~[hibernate-core-5.6.12.Final.jar:5.6.12.Final]
	at org.hibernate.hql.internal.antlr.HqlSqlBaseWalker.joinElement(HqlSqlBaseWalker.java:4007) ~[hibernate-core-5.6.12.Final.jar:5.6.12.Final]
	at org.hibernate.hql.internal.antlr.HqlSqlBaseWalker.fromElement(HqlSqlBaseWalker.java:3793) ~[hibernate-core-5.6.12.Final.jar:5.6.12.Final]
	at org.hibernate.hql.internal.antlr.HqlSqlBaseWalker.fromElementList(HqlSqlBaseWalker.java:3671) ~[hibernate-core-5.6.12.Final.jar:5.6.12.Final]
	at org.hibernate.hql.internal.antlr.HqlSqlBaseWalker.fromClause(HqlSqlBaseWalker.java:746) ~[hibernate-core-5.6.12.Final.jar:5.6.12.Final]
	at org.hibernate.hql.internal.antlr.HqlSqlBaseWalker.query(HqlSqlBaseWalker.java:602) ~[hibernate-core-5.6.12.Final.jar:5.6.12.Final]
	at org.hibernate.hql.internal.antlr.HqlSqlBaseWalker.selectStatement(HqlSqlBaseWalker.java:339) ~[hibernate-core-5.6.12.Final.jar:5.6.12.Final]
	at org.hibernate.hql.internal.antlr.HqlSqlBaseWalker.statement(HqlSqlBaseWalker.java:287) ~[hibernate-core-5.6.12.Final.jar:5.6.12.Final]
	at org.hibernate.hql.internal.ast.QueryTranslatorImpl.analyze(QueryTranslatorImpl.java:276) ~[hibernate-core-5.6.12.Final.jar:5.6.12.Final]
	at org.hibernate.hql.internal.ast.QueryTranslatorImpl.doCompile(QueryTranslatorImpl.java:192) ~[hibernate-core-5.6.12.Final.jar:5.6.12.Final]
	at org.hibernate.hql.internal.ast.QueryTranslatorImpl.compile(QueryTranslatorImpl.java:144) ~[hibernate-core-5.6.12.Final.jar:5.6.12.Final]
	at org.hibernate.engine.query.spi.HQLQueryPlan.<init>(HQLQueryPlan.java:113) ~[hibernate-core-5.6.12.Final.jar:5.6.12.Final]
	at org.hibernate.engine.query.spi.HQLQueryPlan.<init>(HQLQueryPlan.java:73) ~[hibernate-core-5.6.12.Final.jar:5.6.12.Final]
	at org.hibernate.engine.query.spi.QueryPlanCache.getHQLQueryPlan(QueryPlanCache.java:162) ~[hibernate-core-5.6.12.Final.jar:5.6.12.Final]
	at org.hibernate.internal.AbstractSharedSessionContract.getQueryPlan(AbstractSharedSessionContract.java:636) ~[hibernate-core-5.6.12.Final.jar:5.6.12.Final]
	at org.hibernate.internal.AbstractSharedSessionContract.createQuery(AbstractSharedSessionContract.java:748) ~[hibernate-core-5.6.12.Final.jar:5.6.12.Final]
	at org.hibernate.internal.AbstractSharedSessionContract.createQuery(AbstractSharedSessionContract.java:114) ~[hibernate-core-5.6.12.Final.jar:5.6.12.Final]
	at com.ideas2it.dao.impl.RecruiterDaoImpl.retriveRecruitersByApplicantId(RecruiterDaoImpl.java:193) ~[Nov-9/:?]
	at com.ideas2it.service.impl.RecruiterServiceImpl.getRecruitersByApplicantId(RecruiterServiceImpl.java:136) ~[Nov-9/:?]
	at com.ideas2it.controller.RecruiterController.getRecruitersByApplicantId(RecruiterController.java:111) ~[Nov-9/:?]
	at HireWorld.getRecruitersByApplicantId(HireWorld.java:752) ~[Nov-9/:?]
	at HireWorld.displayRecruiterMenu(HireWorld.java:206) ~[Nov-9/:?]
	at HireWorld.chooseUser(HireWorld.java:56) ~[Nov-9/:?]
	at HireWorld.main(HireWorld.java:36) ~[Nov-9/:?]
