11-09-2022 10:13:29.068 ERROR org.hibernate.hql.internal.ast.ErrorTracker reportError-  Invalid path: 'applicant.id'
11-09-2022 10:13:29.075 ERROR org.hibernate.hql.internal.ast.ErrorTracker reportError-  Invalid path: 'applicant.id'
org.hibernate.hql.internal.ast.InvalidPathException: Invalid path: 'applicant.id'
	at org.hibernate.hql.internal.ast.util.LiteralProcessor.lookupConstant(LiteralProcessor.java:111) ~[hibernate-core-5.6.12.Final.jar:5.6.12.Final]
	at org.hibernate.hql.internal.ast.tree.DotNode.resolve(DotNode.java:218) ~[hibernate-core-5.6.12.Final.jar:5.6.12.Final]
	at org.hibernate.hql.internal.ast.HqlSqlWalker.resolve(HqlSqlWalker.java:1066) ~[hibernate-core-5.6.12.Final.jar:5.6.12.Final]
	at org.hibernate.hql.internal.antlr.HqlSqlBaseWalker.expr(HqlSqlBaseWalker.java:1319) ~[hibernate-core-5.6.12.Final.jar:5.6.12.Final]
	at org.hibernate.hql.internal.antlr.HqlSqlBaseWalker.exprOrSubquery(HqlSqlBaseWalker.java:4797) ~[hibernate-core-5.6.12.Final.jar:5.6.12.Final]
	at org.hibernate.hql.internal.antlr.HqlSqlBaseWalker.comparisonExpr(HqlSqlBaseWalker.java:4261) ~[hibernate-core-5.6.12.Final.jar:5.6.12.Final]
	at org.hibernate.hql.internal.antlr.HqlSqlBaseWalker.logicalExpr(HqlSqlBaseWalker.java:2180) ~[hibernate-core-5.6.12.Final.jar:5.6.12.Final]
	at org.hibernate.hql.internal.antlr.HqlSqlBaseWalker.logicalExpr(HqlSqlBaseWalker.java:2105) ~[hibernate-core-5.6.12.Final.jar:5.6.12.Final]
	at org.hibernate.hql.internal.antlr.HqlSqlBaseWalker.whereClause(HqlSqlBaseWalker.java:841) ~[hibernate-core-5.6.12.Final.jar:5.6.12.Final]
	at org.hibernate.hql.internal.antlr.HqlSqlBaseWalker.query(HqlSqlBaseWalker.java:635) ~[hibernate-core-5.6.12.Final.jar:5.6.12.Final]
	at org.hibernate.hql.internal.antlr.HqlSqlBaseWalker.selectStatement(HqlSqlBaseWalker.java:339) ~[hibernate-core-5.6.12.Final.jar:5.6.12.Final]
	at org.hibernate.hql.internal.antlr.HqlSqlBaseWalker.statement(HqlSqlBaseWalker.java:287) ~[hibernate-core-5.6.12.Final.jar:5.6.12.Final]
	at org.hibernate.hql.internal.ast.QueryTranslatorImpl.analyze(QueryTranslatorImpl.java:276) ~[hibernate-core-5.6.12.Final.jar:5.6.12.Final]
	at org.hibernate.hql.internal.ast.QueryTranslatorImpl.doCompile(QueryTranslatorImpl.java:192) ~[hibernate-core-5.6.12.Final.jar:5.6.12.Final]
	at org.hibernate.hql.internal.ast.QueryTranslatorImpl.compile(QueryTranslatorImpl.java:144) ~[hibernate-core-5.6.12.Final.jar:5.6.12.Final]
	at org.hibernate.engine.query.spi.HQLQueryPlan.<init>(HQLQueryPlan.java:113) ~[hibernate-core-5.6.12.Final.jar:5.6.12.Final]
	at org.hibernate.engine.query.spi.HQLQueryPlan.<init>(HQLQueryPlan.java:73) ~[hibernate-core-5.6.12.Final.jar:5.6.12.Final]
	at org.hibernate.engine.query.spi.QueryPlanCache.getHQLQueryPlan(QueryPlanCache.java:162) ~[hibernate-core-5.6.12.Final.jar:5.6.12.Final]
	at org.hibernate.internal.AbstractSharedSessionContract.getQueryPlan(AbstractSharedSessionContract.java:636) ~[hibernate-core-5.6.12.Final.jar:5.6.12.Final]
	at org.hibernate.internal.AbstractSharedSessionContract.createQuery(AbstractSharedSessionContract.java:748) ~[hibernate-core-5.6.12.Final.jar:5.6.12.Final]
	at org.hibernate.internal.AbstractSharedSessionContract.createQuery(AbstractSharedSessionContract.java:114) ~[hibernate-core-5.6.12.Final.jar:5.6.12.Final]
	at com.ideas2it.dao.impl.RecruiterDaoImpl.retriveRecruitersByApplicantId(RecruiterDaoImpl.java:193) ~[Nov-9/:?]
	at com.ideas2it.service.impl.RecruiterServiceImpl.getRecruitersByApplicantId(RecruiterServiceImpl.java:136) ~[Nov-9/:?]
	at com.ideas2it.controller.RecruiterController.getRecruitersByApplicantId(RecruiterController.java:111) ~[Nov-9/:?]
	at HireWorld.getRecruitersByApplicantId(HireWorld.java:752) ~[Nov-9/:?]
	at HireWorld.displayRecruiterMenu(HireWorld.java:206) ~[Nov-9/:?]
	at HireWorld.chooseUser(HireWorld.java:56) ~[Nov-9/:?]
	at HireWorld.main(HireWorld.java:36) ~[Nov-9/:?]
